<?xml version="1.0" encoding="UTF-8"?>
<testsuite xmlns:xsi="http://www.w3.org/2001/XMLSchema-instance" xsi:noNamespaceSchemaLocation="https://maven.apache.org/surefire/maven-surefire-plugin/xsd/surefire-test-report.xsd" version="3.0.2" name="com.sazhnov.performance.openVTS.redis.RedisServiceTest" time="2.603" tests="6" errors="0" skipped="0" failures="0">
  <properties>
[...]
</properties>
  <testcase name="testDeleteTable" classname="com.sazhnov.performance.openVTS.redis.RedisServiceTest" time="1.405">
    <system-out><![CDATA[2025-03-18T17:34:46.687-04:00  INFO 10444 --- [openVTS] [           main] t.c.s.AnnotationConfigContextLoaderUtils : Could not detect default configuration classes for test class [com.sazhnov.performance.openVTS.redis.RedisServiceTest]: RedisServiceTest does not declare any static, non-private, non-final, nested classes annotated with @Configuration.
2025-03-18T17:34:46.692-04:00  INFO 10444 --- [openVTS] [           main] .b.t.c.SpringBootTestContextBootstrapper : Found @SpringBootConfiguration com.sazhnov.performance.openVTS.OpenVtsApplication for test class com.sazhnov.performance.openVTS.redis.RedisServiceTest

  .   ____          _            __ _ _
 /\\ / ___'_ __ _ _(_)_ __  __ _ \ \ \ \
( ( )\___ | '_ | '_| | '_ \/ _` | \ \ \ \
 \\/  ___)| |_)| | | | | || (_| |  ) ) ) )
  '  |____| .__|_| |_|_| |_\__, | / / / /
 =========|_|==============|___/=/_/_/_/

 :: Spring Boot ::                (v3.4.3)

2025-03-18T17:34:46.765-04:00  INFO 10444 --- [openVTS] [           main] c.s.p.openVTS.redis.RedisServiceTest     : Starting RedisServiceTest using Java 21.0.6 with PID 10444 (started by masa06141 in C:\Users\masa06141\git\openVTS)
2025-03-18T17:34:46.766-04:00  INFO 10444 --- [openVTS] [           main] c.s.p.openVTS.redis.RedisServiceTest     : The following 1 profile is active: "test"
2025-03-18T17:34:47.148-04:00  INFO 10444 --- [openVTS] [           main] .s.d.r.c.RepositoryConfigurationDelegate : Multiple Spring Data modules found, entering strict repository configuration mode
2025-03-18T17:34:47.149-04:00  INFO 10444 --- [openVTS] [           main] .s.d.r.c.RepositoryConfigurationDelegate : Bootstrapping Spring Data Redis repositories in DEFAULT mode.
2025-03-18T17:34:47.163-04:00  INFO 10444 --- [openVTS] [           main] .s.d.r.c.RepositoryConfigurationDelegate : Finished Spring Data repository scanning in 10 ms. Found 0 Redis repository interfaces.
2025-03-18T17:34:47.618-04:00  INFO 10444 --- [openVTS] [           main] c.s.p.openVTS.redis.RedisServiceTest     : Started RedisServiceTest in 0.916 seconds (process running for 13.577)
]]></system-out>
  </testcase>
  <testcase name="testCreateTable" classname="com.sazhnov.performance.openVTS.redis.RedisServiceTest" time="0.029"/>
  <testcase name="testGetRowsWithPagination" classname="com.sazhnov.performance.openVTS.redis.RedisServiceTest" time="0.069"/>
  <testcase name="testAddRowAndGetRandomRow" classname="com.sazhnov.performance.openVTS.redis.RedisServiceTest" time="0.061"/>
  <testcase name="testPopRow" classname="com.sazhnov.performance.openVTS.redis.RedisServiceTest" time="0.034"/>
  <testcase name="testGetTablesWithRowCounts" classname="com.sazhnov.performance.openVTS.redis.RedisServiceTest" time="0.058"/>
</testsuite>