<?xml version="1.0" encoding="UTF-8"?>
<testsuite xmlns:xsi="http://www.w3.org/2001/XMLSchema-instance" xsi:noNamespaceSchemaLocation="https://maven.apache.org/surefire/maven-surefire-plugin/xsd/surefire-test-report.xsd" version="3.0.2" name="com.sazhnov.performance.openVTS.OpenVtsApplicationTests" time="6.89" tests="1" errors="0" skipped="0" failures="0">
  <properties>
[...]
</properties>
  <testcase name="contextLoads" classname="com.sazhnov.performance.openVTS.OpenVtsApplicationTests" time="1.774">
    <system-out><![CDATA[08:47:35.461 [main] INFO org.springframework.test.context.support.AnnotationConfigContextLoaderUtils -- Could not detect default configuration classes for test class [com.sazhnov.performance.openVTS.OpenVtsApplicationTests]: OpenVtsApplicationTests does not declare any static, non-private, non-final, nested classes annotated with @Configuration.
08:47:35.794 [main] INFO org.springframework.boot.test.context.SpringBootTestContextBootstrapper -- Found @SpringBootConfiguration com.sazhnov.performance.openVTS.OpenVtsApplication for test class com.sazhnov.performance.openVTS.OpenVtsApplicationTests

  .   ____          _            __ _ _
 /\\ / ___'_ __ _ _(_)_ __  __ _ \ \ \ \
( ( )\___ | '_ | '_| | '_ \/ _` | \ \ \ \
 \\/  ___)| |_)| | | | | || (_| |  ) ) ) )
  '  |____| .__|_| |_|_| |_\__, | / / / /
 =========|_|==============|___/=/_/_/_/

 :: Spring Boot ::                (v3.4.3)

2025-03-17T08:47:36.946-04:00  INFO 7796 --- [openVTS] [           main] c.s.p.openVTS.OpenVtsApplicationTests    : Starting OpenVtsApplicationTests using Java 21.0.6 with PID 7796 (started by masa06141 in C:\Users\masa06141\git\openVTS)
2025-03-17T08:47:36.950-04:00  INFO 7796 --- [openVTS] [           main] c.s.p.openVTS.OpenVtsApplicationTests    : No active profile set, falling back to 1 default profile: "default"
2025-03-17T08:47:38.140-04:00  INFO 7796 --- [openVTS] [           main] .s.d.r.c.RepositoryConfigurationDelegate : Multiple Spring Data modules found, entering strict repository configuration mode
2025-03-17T08:47:38.148-04:00  INFO 7796 --- [openVTS] [           main] .s.d.r.c.RepositoryConfigurationDelegate : Bootstrapping Spring Data Redis repositories in DEFAULT mode.
2025-03-17T08:47:38.261-04:00  INFO 7796 --- [openVTS] [           main] .s.d.r.c.RepositoryConfigurationDelegate : Finished Spring Data repository scanning in 38 ms. Found 0 Redis repository interfaces.
2025-03-17T08:47:40.063-04:00  INFO 7796 --- [openVTS] [           main] c.s.p.openVTS.OpenVtsApplicationTests    : Started OpenVtsApplicationTests in 3.84 seconds (process running for 6.663)
]]></system-out>
    <system-err><![CDATA[Mockito is currently self-attaching to enable the inline-mock-maker. This will no longer work in future releases of the JDK. Please add Mockito as an agent to your build what is described in Mockito's documentation: https://javadoc.io/doc/org.mockito/mockito-core/latest/org/mockito/Mockito.html#0.3
WARNING: A Java agent has been loaded dynamically (C:\Users\masa06141\.m2\repository\net\bytebuddy\byte-buddy-agent\1.15.11\byte-buddy-agent-1.15.11.jar)
WARNING: If a serviceability tool is in use, please run with -XX:+EnableDynamicAgentLoading to hide this warning
WARNING: If a serviceability tool is not in use, please run with -Djdk.instrument.traceUsage for more information
WARNING: Dynamic loading of agents will be disallowed by default in a future release
]]></system-err>
  </testcase>
</testsuite>